[debug] [2021-12-19T14:33:40.965Z] ----------------------------------------------------------------------
[debug] [2021-12-19T14:33:40.967Z] Command:       C:\Program Files\nodejs\node.exe C:\Users\H P\AppData\Roaming\npm\node_modules\firebase-tools\lib\bin\firebase.js init
[debug] [2021-12-19T14:33:40.968Z] CLI Version:   9.23.3
[debug] [2021-12-19T14:33:40.968Z] Platform:      win32
[debug] [2021-12-19T14:33:40.968Z] Node Version:  v14.17.1
[debug] [2021-12-19T14:33:40.969Z] Time:          Sun Dec 19 2021 20:33:40 GMT+0600 (Bangladesh Standard Time)
[debug] [2021-12-19T14:33:40.969Z] ----------------------------------------------------------------------
[debug] 
[debug] [2021-12-19T14:33:40.971Z] >>> [apiv2][query] GET https://firebase-public.firebaseio.com/cli.json [none]
[debug] [2021-12-19T14:33:41.044Z] > command requires scopes: ["email","openid","https://www.googleapis.com/auth/cloudplatformprojects.readonly","https://www.googleapis.com/auth/firebase","https://www.googleapis.com/auth/cloud-platform"]
[debug] [2021-12-19T14:33:41.045Z] > authorizing via signed-in user (abulkashemlukman@gmail.com)
[info] 
     ######## #### ########  ######## ########     ###     ######  ########
     ##        ##  ##     ## ##       ##     ##  ##   ##  ##       ##
     ######    ##  ########  ######   ########  #########  ######  ######
     ##        ##  ##    ##  ##       ##     ## ##     ##       ## ##
     ##       #### ##     ## ######## ########  ##     ##  ######  ########

You're about to initialize a Firebase project in this directory:

  G:\Jhonkar Mahbub Practice\Final project\doctors-portal-full-website\doctors-portal-client-site

Before we get started, keep in mind:

  * You are initializing within an existing Firebase project directory

[debug] [2021-12-19T14:33:42.199Z] <<< [apiv2][status] GET https://firebase-public.firebaseio.com/cli.json 200
[debug] [2021-12-19T14:33:42.200Z] <<< [apiv2][body] GET https://firebase-public.firebaseio.com/cli.json {"cloudBuildErrorAfter":1594252800000,"cloudBuildWarnAfter":1590019200000,"defaultNode10After":1594252800000,"minVersion":"3.0.5","node8DeploysDisabledAfter":1613390400000,"node8RuntimeDisabledAfter":1615809600000,"node8WarnAfter":1600128000000}
[info] 
=== Project Setup
[info] 
[info] First, let's associate this project directory with a Firebase project.
[info] You can create multiple project aliases by running firebase use --add, 
[info] but for now we'll just set up a default project.
[info] 
[debug] [2021-12-19T14:34:47.299Z] Using project from CLI flag: doctors-portal-dc289
[debug] [2021-12-19T14:34:47.300Z] > refreshing access token with scopes: []
[debug] [2021-12-19T14:34:47.301Z] >>> HTTP REQUEST POST https://www.googleapis.com/oauth2/v3/token  
 <request body omitted>
[debug] [2021-12-19T14:34:47.612Z] <<< HTTP RESPONSE 200 {"pragma":"no-cache","cache-control":"no-cache, no-store, max-age=0, must-revalidate","expires":"Mon, 01 Jan 1990 00:00:00 GMT","date":"Sun, 19 Dec 2021 14:34:46 GMT","content-type":"application/json; charset=utf-8","vary":"X-Origin, Referer, Origin,Accept-Encoding","server":"scaffolding on HTTPServer2","x-xss-protection":"0","x-frame-options":"SAMEORIGIN","x-content-type-options":"nosniff","alt-svc":"h3=\":443\"; ma=2592000,h3-29=\":443\"; ma=2592000,h3-Q050=\":443\"; ma=2592000,h3-Q046=\":443\"; ma=2592000,h3-Q043=\":443\"; ma=2592000,quic=\":443\"; ma=2592000; v=\"46,43\"","accept-ranges":"none","transfer-encoding":"chunked"}
[debug] [2021-12-19T14:34:47.643Z] >>> [apiv2][query] GET https://firebase.googleapis.com/v1beta1/projects/doctors-portal-dc289 [none]
[debug] [2021-12-19T14:34:48.131Z] <<< [apiv2][status] GET https://firebase.googleapis.com/v1beta1/projects/doctors-portal-dc289 403
[debug] [2021-12-19T14:34:48.132Z] <<< [apiv2][body] GET https://firebase.googleapis.com/v1beta1/projects/doctors-portal-dc289 {"error":{"code":403,"message":"The caller does not have permission","status":"PERMISSION_DENIED"}}
[debug] [2021-12-19T14:34:48.134Z] HTTP Error: 403, The caller does not have permission
[debug] [2021-12-19T14:34:48.344Z] FirebaseError: HTTP Error: 403, The caller does not have permission
    at module.exports (C:\Users\H P\AppData\Roaming\npm\node_modules\firebase-tools\lib\responseToError.js:38:12)
    at Client.doRequest (C:\Users\H P\AppData\Roaming\npm\node_modules\firebase-tools\lib\apiv2.js:241:23)
    at processTicksAndRejections (internal/process/task_queues.js:95:5)
    at async Client.request (C:\Users\H P\AppData\Roaming\npm\node_modules\firebase-tools\lib\apiv2.js:96:20)
    at async Object.getFirebaseProject (C:\Users\H P\AppData\Roaming\npm\node_modules\firebase-tools\lib\management\projects.js:290:21)
    at async Object.doSetup [as project] (C:\Users\H P\AppData\Roaming\npm\node_modules\firebase-tools\lib\init\features\project.js:85:27)
    at async init (C:\Users\H P\AppData\Roaming\npm\node_modules\firebase-tools\lib\init\index.js:19:9)
[error] 
[error] Error: Failed to get Firebase project doctors-portal-dc289. Please make sure the project exists and your account has permission to access it.
[debug] [2021-12-19T14:37:16.040Z] ----------------------------------------------------------------------
[debug] [2021-12-19T14:37:16.042Z] Command:       C:\Program Files\nodejs\node.exe C:\Users\H P\AppData\Roaming\npm\node_modules\firebase-tools\lib\bin\firebase.js init
[debug] [2021-12-19T14:37:16.042Z] CLI Version:   9.23.3
[debug] [2021-12-19T14:37:16.042Z] Platform:      win32
[debug] [2021-12-19T14:37:16.042Z] Node Version:  v14.17.1
[debug] [2021-12-19T14:37:16.043Z] Time:          Sun Dec 19 2021 20:37:16 GMT+0600 (Bangladesh Standard Time)
[debug] [2021-12-19T14:37:16.043Z] ----------------------------------------------------------------------
[debug] 
[debug] [2021-12-19T14:37:16.100Z] > command requires scopes: ["email","openid","https://www.googleapis.com/auth/cloudplatformprojects.readonly","https://www.googleapis.com/auth/firebase","https://www.googleapis.com/auth/cloud-platform"]
[debug] [2021-12-19T14:37:16.100Z] > authorizing via signed-in user (abulkashemlukman@gmail.com)
[info] 
     ######## #### ########  ######## ########     ###     ######  ########
     ##        ##  ##     ## ##       ##     ##  ##   ##  ##       ##
     ######    ##  ########  ######   ########  #########  ######  ######
     ##        ##  ##    ##  ##       ##     ## ##     ##       ## ##
     ##       #### ##     ## ######## ########  ##     ##  ######  ########

You're about to initialize a Firebase project in this directory:

  G:\Jhonkar Mahbub Practice\Final project\doctors-portal-full-website\doctors-portal-client-site

Before we get started, keep in mind:

  * You are initializing within an existing Firebase project directory

[info] 
=== Project Setup
[info] 
[info] First, let's associate this project directory with a Firebase project.
[info] You can create multiple project aliases by running firebase use --add, 
[info] but for now we'll just set up a default project.
[info] 
[debug] [2021-12-19T14:37:53.955Z] Using project from CLI flag: doctors-portal-dc289
[debug] [2021-12-19T14:37:53.960Z] >>> [apiv2][query] GET https://firebase.googleapis.com/v1beta1/projects/doctors-portal-dc289 [none]
[debug] [2021-12-19T14:37:54.917Z] <<< [apiv2][status] GET https://firebase.googleapis.com/v1beta1/projects/doctors-portal-dc289 403
[debug] [2021-12-19T14:37:54.917Z] <<< [apiv2][body] GET https://firebase.googleapis.com/v1beta1/projects/doctors-portal-dc289 {"error":{"code":403,"message":"The caller does not have permission","status":"PERMISSION_DENIED"}}
[debug] [2021-12-19T14:37:54.918Z] HTTP Error: 403, The caller does not have permission
[debug] [2021-12-19T14:37:55.133Z] FirebaseError: HTTP Error: 403, The caller does not have permission
    at module.exports (C:\Users\H P\AppData\Roaming\npm\node_modules\firebase-tools\lib\responseToError.js:38:12)
    at Client.doRequest (C:\Users\H P\AppData\Roaming\npm\node_modules\firebase-tools\lib\apiv2.js:241:23)
    at processTicksAndRejections (internal/process/task_queues.js:95:5)
    at async Client.request (C:\Users\H P\AppData\Roaming\npm\node_modules\firebase-tools\lib\apiv2.js:96:20)
    at async Object.getFirebaseProject (C:\Users\H P\AppData\Roaming\npm\node_modules\firebase-tools\lib\management\projects.js:290:21)
    at async Object.doSetup [as project] (C:\Users\H P\AppData\Roaming\npm\node_modules\firebase-tools\lib\init\features\project.js:85:27)
    at async init (C:\Users\H P\AppData\Roaming\npm\node_modules\firebase-tools\lib\init\index.js:19:9)
[error] 
[error] Error: Failed to get Firebase project doctors-portal-dc289. Please make sure the project exists and your account has permission to access it.
[debug] [2021-12-19T14:38:40.507Z] ----------------------------------------------------------------------
[debug] [2021-12-19T14:38:40.509Z] Command:       C:\Program Files\nodejs\node.exe C:\Users\H P\AppData\Roaming\npm\node_modules\firebase-tools\lib\bin\firebase.js deploy
[debug] [2021-12-19T14:38:40.509Z] CLI Version:   9.23.3
[debug] [2021-12-19T14:38:40.509Z] Platform:      win32
[debug] [2021-12-19T14:38:40.509Z] Node Version:  v14.17.1
[debug] [2021-12-19T14:38:40.510Z] Time:          Sun Dec 19 2021 20:38:40 GMT+0600 (Bangladesh Standard Time)
[debug] [2021-12-19T14:38:40.510Z] ----------------------------------------------------------------------
[debug] 
[debug] [2021-12-19T14:38:40.567Z] > command requires scopes: ["email","openid","https://www.googleapis.com/auth/cloudplatformprojects.readonly","https://www.googleapis.com/auth/firebase","https://www.googleapis.com/auth/cloud-platform"]
[debug] [2021-12-19T14:38:40.567Z] > authorizing via signed-in user (abulkashemlukman@gmail.com)
[debug] [2021-12-19T14:38:40.567Z] [iam] checking project doctors-portal-dc289 for permissions ["firebase.projects.get","firebasehosting.sites.update"]
[debug] [2021-12-19T14:38:40.569Z] > refreshing access token with scopes: ["email","https://www.googleapis.com/auth/cloud-platform","https://www.googleapis.com/auth/cloudplatformprojects.readonly","https://www.googleapis.com/auth/firebase","openid"]
[debug] [2021-12-19T14:38:40.569Z] >>> HTTP REQUEST POST https://www.googleapis.com/oauth2/v3/token  
 <request body omitted>
[debug] [2021-12-19T14:38:40.892Z] <<< HTTP RESPONSE 200 {"expires":"Mon, 01 Jan 1990 00:00:00 GMT","pragma":"no-cache","cache-control":"no-cache, no-store, max-age=0, must-revalidate","date":"Sun, 19 Dec 2021 14:38:39 GMT","content-type":"application/json; charset=utf-8","vary":"X-Origin, Referer, Origin,Accept-Encoding","server":"scaffolding on HTTPServer2","x-xss-protection":"0","x-frame-options":"SAMEORIGIN","x-content-type-options":"nosniff","alt-svc":"h3=\":443\"; ma=2592000,h3-29=\":443\"; ma=2592000,h3-Q050=\":443\"; ma=2592000,h3-Q046=\":443\"; ma=2592000,h3-Q043=\":443\"; ma=2592000,quic=\":443\"; ma=2592000; v=\"46,43\"","accept-ranges":"none","transfer-encoding":"chunked"}
[debug] [2021-12-19T14:38:40.908Z] >>> HTTP REQUEST POST https://cloudresourcemanager.googleapis.com/v1/projects/doctors-portal-dc289:testIamPermissions  
 {"permissions":["firebase.projects.get","firebasehosting.sites.update"]}
[debug] [2021-12-19T14:38:42.256Z] <<< HTTP RESPONSE 200 {"content-type":"application/json; charset=UTF-8","vary":"X-Origin, Referer, Origin,Accept-Encoding","date":"Sun, 19 Dec 2021 14:38:40 GMT","server":"ESF","cache-control":"private","x-xss-protection":"0","x-frame-options":"SAMEORIGIN","x-content-type-options":"nosniff","server-timing":"gfet4t7; dur=1105","alt-svc":"h3=\":443\"; ma=2592000,h3-29=\":443\"; ma=2592000,h3-Q050=\":443\"; ma=2592000,h3-Q046=\":443\"; ma=2592000,h3-Q043=\":443\"; ma=2592000,quic=\":443\"; ma=2592000; v=\"46,43\"","accept-ranges":"none","transfer-encoding":"chunked"}
[debug] [2021-12-19T14:38:42.259Z] [iam] error while checking permissions, command may fail: FirebaseError: Authorization failed. This account is missing the following required permissions on project doctors-portal-dc289:

  firebase.projects.get
  firebasehosting.sites.update
[debug] [2021-12-19T14:38:42.263Z] > refreshing access token with scopes: []
[debug] [2021-12-19T14:38:42.264Z] >>> HTTP REQUEST POST https://www.googleapis.com/oauth2/v3/token  
 <request body omitted>
[debug] [2021-12-19T14:38:42.474Z] <<< HTTP RESPONSE 200 {"cache-control":"no-cache, no-store, max-age=0, must-revalidate","pragma":"no-cache","expires":"Mon, 01 Jan 1990 00:00:00 GMT","date":"Sun, 19 Dec 2021 14:38:41 GMT","content-type":"application/json; charset=utf-8","vary":"X-Origin, Referer, Origin,Accept-Encoding","server":"scaffolding on HTTPServer2","x-xss-protection":"0","x-frame-options":"SAMEORIGIN","x-content-type-options":"nosniff","alt-svc":"h3=\":443\"; ma=2592000,h3-29=\":443\"; ma=2592000,h3-Q050=\":443\"; ma=2592000,h3-Q046=\":443\"; ma=2592000,h3-Q043=\":443\"; ma=2592000,quic=\":443\"; ma=2592000; v=\"46,43\"","accept-ranges":"none","transfer-encoding":"chunked"}
[debug] [2021-12-19T14:38:42.500Z] >>> [apiv2][query] GET https://firebase.googleapis.com/v1beta1/projects/doctors-portal-dc289 [none]
[debug] [2021-12-19T14:38:43.034Z] <<< [apiv2][status] GET https://firebase.googleapis.com/v1beta1/projects/doctors-portal-dc289 403
[debug] [2021-12-19T14:38:43.035Z] <<< [apiv2][body] GET https://firebase.googleapis.com/v1beta1/projects/doctors-portal-dc289 {"error":{"code":403,"message":"The caller does not have permission","status":"PERMISSION_DENIED"}}
[debug] [2021-12-19T14:38:43.037Z] HTTP Error: 403, The caller does not have permission
[debug] [2021-12-19T14:38:43.241Z] FirebaseError: HTTP Error: 403, The caller does not have permission
    at module.exports (C:\Users\H P\AppData\Roaming\npm\node_modules\firebase-tools\lib\responseToError.js:38:12)
    at Client.doRequest (C:\Users\H P\AppData\Roaming\npm\node_modules\firebase-tools\lib\apiv2.js:241:23)
    at processTicksAndRejections (internal/process/task_queues.js:95:5)
    at async Client.request (C:\Users\H P\AppData\Roaming\npm\node_modules\firebase-tools\lib\apiv2.js:96:20)
    at async Object.getFirebaseProject (C:\Users\H P\AppData\Roaming\npm\node_modules\firebase-tools\lib\management\projects.js:290:21)
    at async Object.getDefaultHostingSite (C:\Users\H P\AppData\Roaming\npm\node_modules\firebase-tools\lib\getDefaultHostingSite.js:8:21)
    at async requireHostingSite (C:\Users\H P\AppData\Roaming\npm\node_modules\firebase-tools\lib\requireHostingSite.js:9:18)
    at async Object.fn (C:\Users\H P\AppData\Roaming\npm\node_modules\firebase-tools\lib\commands\deploy.js:73:9)
    at async C:\Users\H P\AppData\Roaming\npm\node_modules\firebase-tools\lib\command.js:188:17
[error] 
[error] Error: Failed to get Firebase project doctors-portal-dc289. Please make sure the project exists and your account has permission to access it.
